2026-06-23 12:57:06,285 [INFO] HPM_Builder: Avvio HPM Builder completato.
2026-06-24 08:45:34,030 [INFO] HPM_Builder: Avvio HPM Builder completato.
2026-06-24 08:50:57,385 [DEBUG] HPM_Builder: Usando la chiave privata: C:\Hecos\hecos\data\trusted_keys\hpm_private.pem
2026-06-24 08:50:57,432 [DEBUG] HPM_Builder: Usando la chiave privata: C:\Hecos\hecos\data\trusted_keys\hpm_private.pem
2026-06-24 08:50:57,561 [DEBUG] HPM_Builder: Usando la chiave privata: C:\Hecos\hecos\data\trusted_keys\hpm_private.pem
2026-06-25 06:43:20,875 [INFO] HPM_Builder: Avvio HPM Builder completato.
2026-06-25 07:00:27,303 [INFO] HPM_Builder: Avvio HPM Builder completato.
2026-06-25 07:01:12,157 [INFO] HPM_Builder: Decompressione di weather_pro-1.0.0.hpkg in extracted_weather_pro-1.0.0...
2026-06-25 07:01:12,187 [INFO] HPM_Builder: Decompressione completata con successo.
2026-06-25 07:42:40,602 [INFO] HPM_Builder: Avvio HPM Builder completato.
2026-06-25 07:43:34,708 [INFO] HPM_Builder: Validazione pacchetto 'Image Generation' in corso...
2026-06-25 07:43:34,709 [ERROR] HPM_Builder: Validazione fallita. Correggi i seguenti errori:
2026-06-25 07:43:34,710 [ERROR] HPM_Builder:   - File css_file non trovato: web/static/css/image_gen.css
2026-06-25 07:46:15,550 [INFO] HPM_Builder: Validazione pacchetto 'Image Generation' in corso...
2026-06-25 07:46:15,551 [DEBUG] HPM_Builder: Validazione superata.
2026-06-25 07:46:15,551 [INFO] HPM_Builder: Calcolo hash dei file...
2026-06-25 07:46:15,559 [INFO] HPM_Builder: Generazione payload per firma crittografica...
2026-06-25 07:46:15,561 [DEBUG] HPM_Builder: Usando la chiave privata: C:\Hecos\hecos\data\trusted_keys\hpm_private.pem
2026-06-25 07:46:15,569 [INFO] HPM_Builder: Firma applicata con successo.
2026-06-25 07:46:15,574 [INFO] HPM_Builder: Creazione archivio compresso image_gen-1.0.0.hpkg...
2026-06-25 07:46:15,589 [INFO] HPM_Builder: DONE -> C:\Hecos-Packages\image_gen-1.0.0.hpkg (31.4 KB)
2026-06-25 07:53:04,390 [INFO] HPM_Builder: Avvio HPM Builder completato.
2026-06-25 07:53:20,628 [INFO] HPM_Builder: Avvio HPM Builder completato.
2026-06-25 07:53:34,478 [INFO] HPM_Builder: Validazione pacchetto 'Image Generation' in corso...
2026-06-25 07:53:34,480 [DEBUG] HPM_Builder: Validazione superata.
2026-06-25 07:53:34,480 [INFO] HPM_Builder: Calcolo hash dei file...
2026-06-25 07:53:34,486 [INFO] HPM_Builder: Generazione payload per firma crittografica...
2026-06-25 07:53:34,488 [DEBUG] HPM_Builder: Usando la chiave privata: C:\Hecos\hecos\data\trusted_keys\hpm_private.pem
2026-06-25 07:53:34,490 [INFO] HPM_Builder: Firma applicata con successo.
2026-06-25 07:53:34,495 [INFO] HPM_Builder: Creazione archivio compresso image_gen-1.0.0.hpkg...
2026-06-25 07:53:34,505 [INFO] HPM_Builder: DONE -> C:\Hecos-Packages\image_gen-1.0.0.hpkg (31.4 KB)
2026-06-25 08:13:33,972 [INFO] HPM_Builder: Avvio HPM Builder completato.
2026-06-25 08:13:39,852 [INFO] HPM_Builder: Validazione pacchetto 'Image Generation' in corso...
2026-06-25 08:13:39,854 [DEBUG] HPM_Builder: Validazione superata.
2026-06-25 08:13:39,854 [INFO] HPM_Builder: Calcolo hash dei file...
2026-06-25 08:13:39,861 [INFO] HPM_Builder: Generazione payload per firma crittografica...
2026-06-25 08:13:39,863 [DEBUG] HPM_Builder: Usando la chiave privata: C:\Hecos\hecos\data\trusted_keys\hpm_private.pem
2026-06-25 08:13:39,866 [INFO] HPM_Builder: Firma applicata con successo.
2026-06-25 08:13:39,871 [INFO] HPM_Builder: Creazione archivio compresso image_gen-1.0.0.hpkg...
2026-06-25 08:13:39,883 [INFO] HPM_Builder: DONE -> C:\Hecos-Packages\image_gen-1.0.0.hpkg (31.4 KB)
2026-06-25 08:28:43,197 [INFO] HPM_Builder: Avvio HPM Builder completato.
2026-06-25 08:28:53,471 [INFO] HPM_Builder: Validazione pacchetto 'Image Generation' in corso...
2026-06-25 08:28:53,472 [DEBUG] HPM_Builder: Validazione superata.
2026-06-25 08:28:53,472 [INFO] HPM_Builder: Calcolo hash dei file...
2026-06-25 08:28:53,481 [INFO] HPM_Builder: Generazione payload per firma crittografica...
2026-06-25 08:28:53,483 [DEBUG] HPM_Builder: Usando la chiave privata: C:\Hecos\hecos\data\trusted_keys\hpm_private.pem
2026-06-25 08:28:53,487 [INFO] HPM_Builder: Firma applicata con successo.
2026-06-25 08:28:53,493 [INFO] HPM_Builder: Creazione archivio compresso image_gen-1.0.0.hpkg...
2026-06-25 08:28:53,511 [INFO] HPM_Builder: DONE -> C:\Hecos-Packages\image_gen-1.0.0.hpkg (31.4 KB)
2026-06-25 08:50:06,527 [INFO] HPM_Builder: Avvio HPM Builder completato.
2026-06-25 08:50:12,655 [INFO] HPM_Builder: Validazione pacchetto 'Image Generation' in corso...
2026-06-25 08:50:12,656 [DEBUG] HPM_Builder: Validazione superata.
2026-06-25 08:50:12,656 [INFO] HPM_Builder: Calcolo hash dei file...
2026-06-25 08:50:12,664 [INFO] HPM_Builder: Generazione payload per firma crittografica...
2026-06-25 08:50:12,666 [DEBUG] HPM_Builder: Usando la chiave privata: C:\Hecos\hecos\data\trusted_keys\hpm_private.pem
2026-06-25 08:50:12,669 [INFO] HPM_Builder: Firma applicata con successo.
2026-06-25 08:50:12,674 [INFO] HPM_Builder: Creazione archivio compresso image_gen-1.0.0.hpkg...
2026-06-25 08:50:12,686 [INFO] HPM_Builder: DONE -> C:\Hecos-Packages\image_gen-1.0.0.hpkg (31.4 KB)
2026-06-25 09:04:45,037 [INFO] HPM_Builder: Avvio HPM Builder completato.
2026-06-25 09:05:03,577 [INFO] HPM_Builder: Validazione pacchetto 'Image Generation' in corso...
2026-06-25 09:05:03,578 [DEBUG] HPM_Builder: Validazione superata.
2026-06-25 09:05:03,578 [INFO] HPM_Builder: Calcolo hash dei file...
2026-06-25 09:05:03,585 [INFO] HPM_Builder: Generazione payload per firma crittografica...
2026-06-25 09:05:03,587 [DEBUG] HPM_Builder: Usando la chiave privata: C:\Hecos\hecos\data\trusted_keys\hpm_private.pem
2026-06-25 09:05:03,590 [INFO] HPM_Builder: Firma applicata con successo.
2026-06-25 09:05:03,595 [INFO] HPM_Builder: Creazione archivio compresso image_gen-1.0.0.hpkg...
2026-06-25 09:05:03,606 [INFO] HPM_Builder: DONE -> C:\Hecos-Packages\image_gen-1.0.0.hpkg (33.6 KB)
2026-06-25 09:48:59,683 [INFO] HPM_Builder: Avvio HPM Builder completato.
2026-06-25 09:49:06,383 [INFO] HPM_Builder: Validazione pacchetto 'Image Generation' in corso...
2026-06-25 09:49:06,385 [DEBUG] HPM_Builder: Validazione superata.
2026-06-25 09:49:06,386 [INFO] HPM_Builder: Calcolo hash dei file...
2026-06-25 09:49:07,416 [INFO] HPM_Builder: Generazione payload per firma crittografica...
2026-06-25 09:49:07,419 [DEBUG] HPM_Builder: Usando la chiave privata: C:\Hecos\hecos\data\trusted_keys\hpm_private.pem
2026-06-25 09:49:07,429 [INFO] HPM_Builder: Firma applicata con successo.
2026-06-25 09:49:07,441 [INFO] HPM_Builder: Creazione archivio compresso image_gen-1.0.0.hpkg...
2026-06-25 09:49:07,480 [INFO] HPM_Builder: DONE -> C:\Hecos-Packages\image_gen-1.0.0.hpkg (33.6 KB)
2026-06-25 10:49:57,456 [INFO] HPM_Builder: Avvio HPM Builder completato.
2026-06-25 10:50:23,689 [INFO] HPM_Builder: Avvio HPM Builder completato.
2026-06-25 10:50:38,734 [INFO] HPM_Builder: Validazione pacchetto 'Image Generation' in corso...
2026-06-25 10:50:38,736 [DEBUG] HPM_Builder: Validazione superata.
2026-06-25 10:50:38,736 [INFO] HPM_Builder: Calcolo hash dei file...
2026-06-25 10:50:38,758 [INFO] HPM_Builder: Generazione payload per firma crittografica...
2026-06-25 10:50:38,761 [DEBUG] HPM_Builder: Usando la chiave privata: C:\Hecos\hecos\data\trusted_keys\hpm_private.pem
2026-06-25 10:50:38,763 [INFO] HPM_Builder: Firma applicata con successo.
2026-06-25 10:50:38,768 [INFO] HPM_Builder: Creazione archivio compresso image_gen-1.0.0.hpkg...
2026-06-25 10:50:38,782 [INFO] HPM_Builder: DONE -> C:\Hecos-Packages\image_gen-1.0.0.hpkg (33.7 KB)
2026-06-25 12:39:54,454 [INFO] HPM_Builder: Avvio HPM Builder completato.
2026-06-25 12:40:06,124 [INFO] HPM_Builder: Validazione pacchetto 'Image Generation' in corso...
2026-06-25 12:40:06,126 [DEBUG] HPM_Builder: Validazione superata.
2026-06-25 12:40:06,126 [INFO] HPM_Builder: Calcolo hash dei file...
2026-06-25 12:40:06,150 [INFO] HPM_Builder: Generazione payload per firma crittografica...
2026-06-25 12:40:06,151 [DEBUG] HPM_Builder: Usando la chiave privata: C:\Hecos\hecos\data\trusted_keys\hpm_private.pem
2026-06-25 12:40:06,153 [INFO] HPM_Builder: Firma applicata con successo.
2026-06-25 12:40:06,158 [INFO] HPM_Builder: Creazione archivio compresso image_gen-1.0.0.hpkg...
2026-06-25 12:40:06,169 [INFO] HPM_Builder: DONE -> C:\Hecos-Packages\image_gen-1.0.0.hpkg (35.1 KB)
2026-06-25 12:54:05,490 [INFO] HPM_Builder: Avvio HPM Builder completato.
2026-06-25 12:54:24,239 [INFO] HPM_Builder: Validazione pacchetto 'Image Generation' in corso...
2026-06-25 12:54:24,241 [DEBUG] HPM_Builder: Validazione superata.
2026-06-25 12:54:24,241 [INFO] HPM_Builder: Calcolo hash dei file...
2026-06-25 12:54:24,266 [INFO] HPM_Builder: Generazione payload per firma crittografica...
2026-06-25 12:54:24,270 [DEBUG] HPM_Builder: Usando la chiave privata: C:\Hecos\hecos\data\trusted_keys\hpm_private.pem
2026-06-25 12:54:24,277 [INFO] HPM_Builder: Firma applicata con successo.
2026-06-25 12:54:24,295 [INFO] HPM_Builder: Creazione archivio compresso image_gen-1.0.0.hpkg...
2026-06-25 12:54:24,347 [INFO] HPM_Builder: DONE -> C:\Hecos-Packages\image_gen-1.0.0.hpkg (35.4 KB)
2026-06-25 13:41:01,718 [INFO] HPM_Builder: Avvio HPM Builder completato.
2026-06-25 13:41:06,906 [INFO] HPM_Builder: Validazione pacchetto 'Image Generation' in corso...
2026-06-25 13:41:06,907 [DEBUG] HPM_Builder: Validazione superata.
2026-06-25 13:41:06,907 [INFO] HPM_Builder: Calcolo hash dei file...
2026-06-25 13:41:06,915 [INFO] HPM_Builder: Generazione payload per firma crittografica...
2026-06-25 13:41:06,916 [DEBUG] HPM_Builder: Usando la chiave privata: C:\Hecos\hecos\data\trusted_keys\hpm_private.pem
2026-06-25 13:41:06,918 [INFO] HPM_Builder: Firma applicata con successo.
2026-06-25 13:41:06,920 [INFO] HPM_Builder: Creazione archivio compresso image_gen-1.0.0.hpkg...
2026-06-25 13:41:06,938 [INFO] HPM_Builder: DONE -> C:\Hecos-Packages\image_gen-1.0.0.hpkg (33.9 KB)
2026-06-25 13:57:53,235 [INFO] HPM_Builder: Avvio HPM Builder completato.
2026-06-25 13:57:58,583 [INFO] HPM_Builder: Validazione pacchetto 'Image Generation' in corso...
2026-06-25 13:57:58,585 [DEBUG] HPM_Builder: Validazione superata.
2026-06-25 13:57:58,585 [INFO] HPM_Builder: Calcolo hash dei file...
2026-06-25 13:57:58,609 [INFO] HPM_Builder: Generazione payload per firma crittografica...
2026-06-25 13:57:58,612 [DEBUG] HPM_Builder: Usando la chiave privata: C:\Hecos\hecos\data\trusted_keys\hpm_private.pem
2026-06-25 13:57:58,625 [INFO] HPM_Builder: Firma applicata con successo.
2026-06-25 13:57:58,634 [INFO] HPM_Builder: Creazione archivio compresso image_gen-1.0.0.hpkg...
2026-06-25 13:57:58,674 [INFO] HPM_Builder: DONE -> C:\Hecos-Packages\image_gen-1.0.0.hpkg (34.0 KB)
2026-06-25 13:58:31,683 [INFO] HPM_Builder: Avvio HPM Builder completato.
2026-06-25 13:58:34,784 [INFO] HPM_Builder: Validazione pacchetto 'Image Generation' in corso...
2026-06-25 13:58:34,787 [DEBUG] HPM_Builder: Validazione superata.
2026-06-25 13:58:34,787 [INFO] HPM_Builder: Calcolo hash dei file...
2026-06-25 13:58:34,813 [INFO] HPM_Builder: Generazione payload per firma crittografica...
2026-06-25 13:58:34,817 [DEBUG] HPM_Builder: Usando la chiave privata: C:\Hecos\hecos\data\trusted_keys\hpm_private.pem
2026-06-25 13:58:34,824 [INFO] HPM_Builder: Firma applicata con successo.
2026-06-25 13:58:34,837 [INFO] HPM_Builder: Creazione archivio compresso image_gen-1.0.0.hpkg...
2026-06-25 13:58:34,884 [INFO] HPM_Builder: DONE -> C:\Hecos-Packages\image_gen-1.0.0.hpkg (34.0 KB)
2026-06-25 14:12:21,235 [INFO] HPM_Builder: Avvio HPM Builder completato.
2026-06-25 14:12:31,648 [INFO] HPM_Builder: Validazione pacchetto 'Image Generation' in corso...
2026-06-25 14:12:31,649 [DEBUG] HPM_Builder: Validazione superata.
2026-06-25 14:12:31,649 [INFO] HPM_Builder: Calcolo hash dei file...
2026-06-25 14:12:31,682 [INFO] HPM_Builder: Generazione payload per firma crittografica...
2026-06-25 14:12:31,684 [DEBUG] HPM_Builder: Usando la chiave privata: C:\Hecos\hecos\data\trusted_keys\hpm_private.pem
2026-06-25 14:12:31,689 [INFO] HPM_Builder: Firma applicata con successo.
2026-06-25 14:12:31,694 [INFO] HPM_Builder: Creazione archivio compresso image_gen-1.0.0.hpkg...
2026-06-25 14:12:31,720 [INFO] HPM_Builder: DONE -> C:\Hecos-Packages\image_gen-1.0.0.hpkg (34.0 KB)
2026-06-25 14:27:24,799 [INFO] HPM_Builder: Avvio HPM Builder completato.
2026-06-25 14:27:28,621 [INFO] HPM_Builder: Validazione pacchetto 'Image Generation' in corso...
2026-06-25 14:27:28,622 [DEBUG] HPM_Builder: Validazione superata.
2026-06-25 14:27:28,622 [INFO] HPM_Builder: Calcolo hash dei file...
2026-06-25 14:27:28,630 [INFO] HPM_Builder: Generazione payload per firma crittografica...
2026-06-25 14:27:28,631 [DEBUG] HPM_Builder: Usando la chiave privata: C:\Hecos\hecos\data\trusted_keys\hpm_private.pem
2026-06-25 14:27:28,634 [INFO] HPM_Builder: Firma applicata con successo.
2026-06-25 14:27:28,638 [INFO] HPM_Builder: Creazione archivio compresso image_gen-1.0.0.hpkg...
2026-06-25 14:27:28,652 [INFO] HPM_Builder: DONE -> C:\Hecos-Packages\image_gen-1.0.0.hpkg (34.3 KB)
2026-06-25 14:27:51,232 [INFO] HPM_Builder: Avvio HPM Builder completato.
2026-06-25 14:27:59,291 [INFO] HPM_Builder: Validazione pacchetto 'Image Generation' in corso...
2026-06-25 14:27:59,292 [DEBUG] HPM_Builder: Validazione superata.
2026-06-25 14:27:59,292 [INFO] HPM_Builder: Calcolo hash dei file...
2026-06-25 14:27:59,299 [INFO] HPM_Builder: Generazione payload per firma crittografica...
2026-06-25 14:27:59,301 [DEBUG] HPM_Builder: Usando la chiave privata: C:\Hecos\hecos\data\trusted_keys\hpm_private.pem
2026-06-25 14:27:59,304 [INFO] HPM_Builder: Firma applicata con successo.
2026-06-25 14:27:59,308 [INFO] HPM_Builder: Creazione archivio compresso image_gen-1.0.0.hpkg...
2026-06-25 14:27:59,320 [INFO] HPM_Builder: DONE -> C:\Hecos-Packages\image_gen-1.0.0.hpkg (34.3 KB)
2026-06-25 14:40:49,512 [ERROR] HPM_Builder: Errore sintassi TOML in hpkg_manifest.toml: Invalid statement (at line 1, column 1)
2026-06-25 14:41:39,107 [INFO] HPM_Builder: Validazione pacchetto 'Image Generation' in corso...
2026-06-25 14:41:39,108 [DEBUG] HPM_Builder: Validazione superata.
2026-06-25 14:41:39,108 [INFO] HPM_Builder: Calcolo hash dei file...
2026-06-25 14:41:39,122 [INFO] HPM_Builder: Generazione payload per firma crittografica...
2026-06-25 14:41:39,124 [DEBUG] HPM_Builder: Usando la chiave privata: C:\Hecos\hecos\data\trusted_keys\hpm_private.pem
2026-06-25 14:41:39,129 [INFO] HPM_Builder: Firma applicata con successo.
2026-06-25 14:41:39,137 [INFO] HPM_Builder: Creazione archivio compresso image_gen-1.0.0.hpkg...
2026-06-25 14:41:39,161 [INFO] HPM_Builder: DONE -> C:\Hecos-Packages\image_gen-1.0.0.hpkg (34.3 KB)
2026-06-25 15:35:43,923 [DEBUG] HPM_Builder: Usando la chiave privata: C:\Hecos\hecos\data\trusted_keys\hpm_private.pem
2026-06-25 15:36:00,341 [DEBUG] HPM_Builder: Usando la chiave privata: C:\Hecos\hecos\data\trusted_keys\hpm_private.pem
2026-06-25 15:42:38,338 [DEBUG] HPM_Builder: Usando la chiave privata: C:\Hecos\hecos\data\trusted_keys\hpm_private.pem
2026-06-25 15:58:30,716 [DEBUG] HPM_Builder: Usando la chiave privata: C:\Hecos\hecos\data\trusted_keys\hpm_private.pem
2026-06-26 04:13:47,661 [DEBUG] HPM_Builder: Usando la chiave privata: C:\Hecos\hecos\data\trusted_keys\hpm_private.pem
2026-06-26 04:27:07,571 [DEBUG] HPM_Builder: Usando la chiave privata: C:\Hecos\hecos\data\trusted_keys\hpm_private.pem
2026-06-26 04:39:18,374 [DEBUG] HPM_Builder: Usando la chiave privata: C:\Hecos\hecos\data\trusted_keys\hpm_private.pem
2026-06-26 04:44:45,640 [DEBUG] HPM_Builder: Usando la chiave privata: C:\Hecos\hecos\data\trusted_keys\hpm_private.pem
2026-06-26 04:50:57,660 [DEBUG] HPM_Builder: Usando la chiave privata: C:\Hecos\hecos\data\trusted_keys\hpm_private.pem
2026-06-26 08:42:24,288 [DEBUG] HPM_Builder: Usando la chiave privata: C:\Hecos\hecos\data\trusted_keys\hpm_private.pem
2026-06-27 14:16:11,064 [DEBUG] HPM_Builder: Usando la chiave privata: C:\Hecos\hecos\data\trusted_keys\hpm_private.pem
